<?xml version="1.0" encoding="utf-8"?><testsuites name="pytest tests"><testsuite name="pytest" errors="0" failures="0" skipped="0" tests="10" time="4.135" timestamp="2026-03-12T03:03:00.693007+00:00" hostname="agent-env-c36ed14b-8df9-4361-8a7a-cb914b9a6d21"><testcase classname="backend.tests.test_hunter_api.TestRootEndpoint" name="test_root_endpoint_returns_200" time="0.162" /><testcase classname="backend.tests.test_hunter_api.TestGeocodeEndpoint" name="test_geocode_valid_location" time="0.192" /><testcase classname="backend.tests.test_hunter_api.TestGeocodeEndpoint" name="test_geocode_invalid_location" time="0.553" /><testcase classname="backend.tests.test_hunter_api.TestHistoryEndpoint" name="test_get_history_returns_200" time="0.067" /><testcase classname="backend.tests.test_hunter_api.TestStatisticsEndpoint" name="test_get_statistics_returns_200" time="0.052" /><testcase classname="backend.tests.test_hunter_api.TestAnalyzeEndpoint" name="test_analyze_with_test_image" time="2.739" /><testcase classname="backend.tests.test_hunter_api.TestIPGeolocationEndpoint" name="test_geolocate_google_dns" time="0.122" /><testcase classname="backend.tests.test_hunter_api.TestPhoneLookupEndpoint" name="test_phone_lookup_spanish_number" time="0.052" /><testcase classname="backend.tests.test_hunter_api.TestMapsKeyEndpoint" name="test_get_maps_key" time="0.047" /><testcase classname="backend.tests.test_hunter_api.TestHistorySearchEndpoint" name="test_search_history_with_filters" time="0.077" /></testsuite></testsuites>